
▓ Программа: "vip.exe"  Время запуска: 08:58:23 09/05/2025
▓ Исполняемый модуль: "C:\Galaktika\AVAZ\avaz_ptz\Exe_support\vip.exe"
▓ Система: Windows NT

Контекст исполнения ".SysUser"
Потеряно хип-контекстов: 1

Менеджер динамической памяти ".SysUserHeap(.SysUser)"
Потеряно блоков: 69, байтов: 1540


▓ Программа: "vip.exe"  Время запуска: 09:07:07 09/05/2025
▓ Исполняемый модуль: "C:\Galaktika\AVAZ\avaz_ptz\Exe_support\vip.exe"
▓ Система: Windows NT

Контекст исполнения ".SysUser"
Потеряно хип-контекстов: 1

Менеджер динамической памяти ".SysUserHeap(.SysUser)"
Потеряно блоков: 69, байтов: 1520


▓ Программа: "vip.exe"  Время запуска: 09:08:15 09/05/2025
▓ Исполняемый модуль: "C:\Galaktika\AVAZ\avaz_ptz\Exe_support\vip.exe"
▓ Система: Windows NT

Контекст исполнения ".SysUser"
Потеряно хип-контекстов: 1

Менеджер динамической памяти ".SysUserHeap(.SysUser)"
Потеряно блоков: 69, байтов: 1540


▓ Программа: "vip.exe"  Время запуска: 09:08:35 09/05/2025
▓ Исполняемый модуль: "C:\Galaktika\AVAZ\avaz_ptz\Exe_support\vip.exe"
▓ Система: Windows NT

Контекст исполнения ".SysUser"
Потеряно хип-контекстов: 1

Менеджер динамической памяти ".SysUserHeap(.SysUser)"
Потеряно блоков: 69, байтов: 1520


▓ Программа: "frres.exe"  Время запуска: 09:08:38 09/05/2025
▓ Исполняемый модуль: "C:\Galaktika\AVAZ\avaz_ptz\Exe_support\frres.exe"
▓ Система: Windows NT  Логин: "Дмитрий"  Станция: "LAPUS-VICTUS"

Менеджер динамической памяти ".SysUserHeap(.SysUser)"
Потеряно блоков: 1, байтов: 56


▓ Программа: "vip.exe"  Время запуска: 09:50:32 09/05/2025
▓ Исполняемый модуль: "C:\Galaktika\AVAZ\avaz_ptz\Exe_support\vip.exe"
▓ Система: Windows NT

Контекст исполнения ".SysUser"
Потеряно хип-контекстов: 1

Менеджер динамической памяти ".SysUserHeap(.SysUser)"
Потеряно блоков: 3, байтов: 108


▓ Программа: "frres.exe"  Время запуска: 09:50:39 09/05/2025
▓ Исполняемый модуль: "C:\Galaktika\AVAZ\avaz_ptz\Exe_support\frres.exe"
▓ Система: Windows NT  Логин: "Дмитрий"  Станция: "LAPUS-VICTUS"

Менеджер динамической памяти ".SysUserHeap(.SysUser)"
Потеряно блоков: 1, байтов: 56


▓ Программа: "vip.exe"  Время запуска: 09:52:48 09/05/2025
▓ Исполняемый модуль: "C:\Galaktika\AVAZ\avaz_ptz\Exe_support\vip.exe"
▓ Система: Windows NT

Контекст исполнения ".SysUser"
Потеряно хип-контекстов: 1

Менеджер динамической памяти ".SysUserHeap(.SysUser)"
Потеряно блоков: 69, байтов: 1548


▓ Программа: "frres.exe"  Время запуска: 09:52:50 09/05/2025
▓ Исполняемый модуль: "C:\Galaktika\AVAZ\avaz_ptz\Exe_support\frres.exe"
▓ Система: Windows NT  Логин: "Дмитрий"  Станция: "LAPUS-VICTUS"

Менеджер динамической памяти ".SysUserHeap(.SysUser)"
Потеряно блоков: 1, байтов: 56


▓ Программа: "vip.exe"  Время запуска: 10:02:20 09/05/2025
▓ Исполняемый модуль: "C:\Galaktika\AVAZ\avaz_ptz\Exe_support\vip.exe"
▓ Система: Windows NT

Контекст исполнения ".SysUser"
Потеряно хип-контекстов: 1

Менеджер динамической памяти ".SysUserHeap(.SysUser)"
Потеряно блоков: 69, байтов: 1528


▓ Программа: "frres.exe"  Время запуска: 10:02:23 09/05/2025
▓ Исполняемый модуль: "C:\Galaktika\AVAZ\avaz_ptz\Exe_support\frres.exe"
▓ Система: Windows NT  Логин: "Дмитрий"  Станция: "LAPUS-VICTUS"

Менеджер динамической памяти ".SysUserHeap(.SysUser)"
Потеряно блоков: 1, байтов: 56


▓ Программа: "vip.exe"  Время запуска: 10:03:39 09/05/2025
▓ Исполняемый модуль: "C:\Galaktika\AVAZ\avaz_ptz\Exe_support\vip.exe"
▓ Система: Windows NT

Контекст исполнения ".SysUser"
Потеряно хип-контекстов: 1

Менеджер динамической памяти ".SysUserHeap(.SysUser)"
Потеряно блоков: 69, байтов: 1512


▓ Программа: "frres.exe"  Время запуска: 10:03:42 09/05/2025
▓ Исполняемый модуль: "C:\Galaktika\AVAZ\avaz_ptz\Exe_support\frres.exe"
▓ Система: Windows NT  Логин: "Дмитрий"  Станция: "LAPUS-VICTUS"

Менеджер динамической памяти ".SysUserHeap(.SysUser)"
Потеряно блоков: 1, байтов: 56


▓ Программа: "vip.exe"  Время запуска: 10:04:17 09/05/2025
▓ Исполняемый модуль: "C:\Galaktika\AVAZ\avaz_ptz\Exe_support\vip.exe"
▓ Система: Windows NT

Контекст исполнения ".SysUser"
Потеряно хип-контекстов: 1

Менеджер динамической памяти ".SysUserHeap(.SysUser)"
Потеряно блоков: 69, байтов: 1512


▓ Программа: "frres.exe"  Время запуска: 10:04:20 09/05/2025
▓ Исполняемый модуль: "C:\Galaktika\AVAZ\avaz_ptz\Exe_support\frres.exe"
▓ Система: Windows NT  Логин: "Дмитрий"  Станция: "LAPUS-VICTUS"

Менеджер динамической памяти ".SysUserHeap(.SysUser)"
Потеряно блоков: 1, байтов: 56


▓ Программа: "vip.exe"  Время запуска: 10:05:30 09/05/2025
▓ Исполняемый модуль: "C:\Galaktika\AVAZ\avaz_ptz\Exe_support\vip.exe"
▓ Система: Windows NT

Контекст исполнения ".SysUser"
Потеряно хип-контекстов: 1

Менеджер динамической памяти ".SysUserHeap(.SysUser)"
Потеряно блоков: 69, байтов: 1524


▓ Программа: "frres.exe"  Время запуска: 10:05:32 09/05/2025
▓ Исполняемый модуль: "C:\Galaktika\AVAZ\avaz_ptz\Exe_support\frres.exe"
▓ Система: Windows NT  Логин: "Дмитрий"  Станция: "LAPUS-VICTUS"

Менеджер динамической памяти ".SysUserHeap(.SysUser)"
Потеряно блоков: 1, байтов: 56


▓ Программа: "vip.exe"  Время запуска: 10:15:00 09/05/2025
▓ Исполняемый модуль: "C:\Galaktika\AVAZ\avaz_ptz\Exe_support\vip.exe"
▓ Система: Windows NT

Контекст исполнения ".SysUser"
Потеряно хип-контекстов: 1

Менеджер динамической памяти ".SysUserHeap(.SysUser)"
Потеряно блоков: 69, байтов: 1532


▓ Программа: "frres.exe"  Время запуска: 10:15:02 09/05/2025
▓ Исполняемый модуль: "C:\Galaktika\AVAZ\avaz_ptz\Exe_support\frres.exe"
▓ Система: Windows NT  Логин: "Дмитрий"  Станция: "LAPUS-VICTUS"

Менеджер динамической памяти ".SysUserHeap(.SysUser)"
Потеряно блоков: 1, байтов: 56


▓ Программа: "vip.exe"  Время запуска: 10:49:39 10/05/2025
▓ Исполняемый модуль: "C:\Galaktika\AVAZ\avaz_ptz\Exe_support\vip.exe"
▓ Система: Windows NT

Контекст исполнения ".SysUser"
Потеряно хип-контекстов: 1

Менеджер динамической памяти ".SysUserHeap(.SysUser)"
Потеряно блоков: 77, байтов: 1720


▓ Программа: "frres.exe"  Время запуска: 10:49:47 10/05/2025
▓ Исполняемый модуль: "C:\Galaktika\AVAZ\avaz_ptz\Exe_support\frres.exe"
▓ Система: Windows NT  Логин: "Дмитрий"  Станция: "LAPUS-VICTUS"

Менеджер динамической памяти ".SysUserHeap(.SysUser)"
Потеряно блоков: 1, байтов: 56


▓ Программа: "vip.exe"  Время запуска: 10:49:57 10/05/2025
▓ Исполняемый модуль: "C:\Galaktika\AVAZ\avaz_ptz\Exe_support\vip.exe"
▓ Система: Windows NT

Контекст исполнения ".SysUser"
Потеряно хип-контекстов: 1

Менеджер динамической памяти ".SysUserHeap(.SysUser)"
Потеряно блоков: 77, байтов: 1748


▓ Программа: "frres.exe"  Время запуска: 10:50:09 10/05/2025
▓ Исполняемый модуль: "C:\Galaktika\AVAZ\avaz_ptz\Exe_support\frres.exe"
▓ Система: Windows NT  Логин: "Дмитрий"  Станция: "LAPUS-VICTUS"

Менеджер динамической памяти ".SysUserHeap(.SysUser)"
Потеряно блоков: 1, байтов: 56


▓ Программа: "vip.exe"  Время запуска: 10:50:48 10/05/2025
▓ Исполняемый модуль: "C:\Galaktika\AVAZ\avaz_ptz\Exe_support\vip.exe"
▓ Система: Windows NT

Контекст исполнения ".SysUser"
Потеряно хип-контекстов: 1

Менеджер динамической памяти ".SysUserHeap(.SysUser)"
Потеряно блоков: 77, байтов: 1728


▓ Программа: "frres.exe"  Время запуска: 10:50:53 10/05/2025
▓ Исполняемый модуль: "C:\Galaktika\AVAZ\avaz_ptz\Exe_support\frres.exe"
▓ Система: Windows NT  Логин: "Дмитрий"  Станция: "LAPUS-VICTUS"

Менеджер динамической памяти ".SysUserHeap(.SysUser)"
Потеряно блоков: 1, байтов: 56


▓ Программа: "vip.exe"  Время запуска: 10:51:25 10/05/2025
▓ Исполняемый модуль: "C:\Galaktika\AVAZ\avaz_ptz\Exe_support\vip.exe"
▓ Система: Windows NT

Контекст исполнения ".SysUser"
Потеряно хип-контекстов: 1

Менеджер динамической памяти ".SysUserHeap(.SysUser)"
Потеряно блоков: 87, байтов: 1948


▓ Программа: "frres.exe"  Время запуска: 10:51:42 10/05/2025
▓ Исполняемый модуль: "C:\Galaktika\AVAZ\avaz_ptz\Exe_support\frres.exe"
▓ Система: Windows NT  Логин: "Дмитрий"  Станция: "LAPUS-VICTUS"

Менеджер динамической памяти ".SysUserHeap(.SysUser)"
Потеряно блоков: 1, байтов: 56


▓ Программа: "vip.exe"  Время запуска: 10:59:40 10/05/2025
▓ Исполняемый модуль: "C:\Galaktika\AVAZ\avaz_ptz\Exe_support\vip.exe"
▓ Система: Windows NT

Контекст исполнения ".SysUser"
Потеряно хип-контекстов: 1

Менеджер динамической памяти ".SysUserHeap(.SysUser)"
Потеряно блоков: 87, байтов: 1944


▓ Программа: "frres.exe"  Время запуска: 10:59:46 10/05/2025
▓ Исполняемый модуль: "C:\Galaktika\AVAZ\avaz_ptz\Exe_support\frres.exe"
▓ Система: Windows NT  Логин: "Дмитрий"  Станция: "LAPUS-VICTUS"

Менеджер динамической памяти ".SysUserHeap(.SysUser)"
Потеряно блоков: 1, байтов: 56


▓ Программа: "vip.exe"  Время запуска: 10:59:54 10/05/2025
▓ Исполняемый модуль: "C:\Galaktika\AVAZ\avaz_ptz\Exe_support\vip.exe"
▓ Система: Windows NT

Контекст исполнения ".SysUser"
Потеряно хип-контекстов: 1

Менеджер динамической памяти ".SysUserHeap(.SysUser)"
Потеряно блоков: 87, байтов: 1924


▓ Программа: "frres.exe"  Время запуска: 10:59:57 10/05/2025
▓ Исполняемый модуль: "C:\Galaktika\AVAZ\avaz_ptz\Exe_support\frres.exe"
▓ Система: Windows NT  Логин: "Дмитрий"  Станция: "LAPUS-VICTUS"

Менеджер динамической памяти ".SysUserHeap(.SysUser)"
Потеряно блоков: 1, байтов: 56


▓ Программа: "vip.exe"  Время запуска: 11:00:39 10/05/2025
▓ Исполняемый модуль: "C:\Galaktika\AVAZ\avaz_ptz\Exe_support\vip.exe"
▓ Система: Windows NT

Контекст исполнения ".SysUser"
Потеряно хип-контекстов: 1

Менеджер динамической памяти ".SysUserHeap(.SysUser)"
Потеряно блоков: 87, байтов: 1936


▓ Программа: "frres.exe"  Время запуска: 11:00:51 10/05/2025
▓ Исполняемый модуль: "C:\Galaktika\AVAZ\avaz_ptz\Exe_support\frres.exe"
▓ Система: Windows NT  Логин: "Дмитрий"  Станция: "LAPUS-VICTUS"

Менеджер динамической памяти ".SysUserHeap(.SysUser)"
Потеряно блоков: 1, байтов: 56


▓ Программа: "vip.exe"  Время запуска: 11:02:14 10/05/2025
▓ Исполняемый модуль: "C:\Galaktika\AVAZ\avaz_ptz\Exe_support\vip.exe"
▓ Система: Windows NT

Контекст исполнения ".SysUser"
Потеряно хип-контекстов: 1

Менеджер динамической памяти ".SysUserHeap(.SysUser)"
Потеряно блоков: 87, байтов: 1892


▓ Программа: "frres.exe"  Время запуска: 11:02:17 10/05/2025
▓ Исполняемый модуль: "C:\Galaktika\AVAZ\avaz_ptz\Exe_support\frres.exe"
▓ Система: Windows NT  Логин: "Дмитрий"  Станция: "LAPUS-VICTUS"

Менеджер динамической памяти ".SysUserHeap(.SysUser)"
Потеряно блоков: 1, байтов: 56


▓ Программа: "vip.exe"  Время запуска: 11:04:40 10/05/2025
▓ Исполняемый модуль: "C:\Galaktika\AVAZ\avaz_ptz\Exe_support\vip.exe"
▓ Система: Windows NT

Контекст исполнения ".SysUser"
Потеряно хип-контекстов: 1

Менеджер динамической памяти ".SysUserHeap(.SysUser)"
Потеряно блоков: 87, байтов: 1940


▓ Программа: "frres.exe"  Время запуска: 11:04:42 10/05/2025
▓ Исполняемый модуль: "C:\Galaktika\AVAZ\avaz_ptz\Exe_support\frres.exe"
▓ Система: Windows NT  Логин: "Дмитрий"  Станция: "LAPUS-VICTUS"

Менеджер динамической памяти ".SysUserHeap(.SysUser)"
Потеряно блоков: 1, байтов: 56


▓ Программа: "vip.exe"  Время запуска: 11:07:18 10/05/2025
▓ Исполняемый модуль: "C:\Galaktika\AVAZ\avaz_ptz\Exe_support\vip.exe"
▓ Система: Windows NT

Контекст исполнения ".SysUser"
Потеряно хип-контекстов: 1

Менеджер динамической памяти ".SysUserHeap(.SysUser)"
Потеряно блоков: 87, байтов: 1904


▓ Программа: "frres.exe"  Время запуска: 11:07:21 10/05/2025
▓ Исполняемый модуль: "C:\Galaktika\AVAZ\avaz_ptz\Exe_support\frres.exe"
▓ Система: Windows NT  Логин: "Дмитрий"  Станция: "LAPUS-VICTUS"

Менеджер динамической памяти ".SysUserHeap(.SysUser)"
Потеряно блоков: 1, байтов: 56

