04.05.2025 18:12:03.053 || =================== Run pg90drv.dll version 6.0.5.0 from Mar  7 2025 Platform WIN32 ===============================
04.05.2025 18:12:03.068 || Flush mode OFF
04.05.2025 18:12:03.087 || User: Atlantis
04.05.2025 18:12:03.092 || Error code IM014 with message [Microsoft][Диспетчер драйверов ODBC] В указанном DSN архитектура драйвера и архитектура приложения не соответствуют друг другу.

04.05.2025 18:12:03.098 || 
FAILED: SQLConnect()
Error code IM014 with message [Microsoft][Диспетчер драйверов ODBC] В указанном DSN архитектура драйвера и архитектура приложения не соответствуют друг другу.

04.05.2025 18:12:03.114 || Error code IM014 with message [Microsoft][Диспетчер драйверов ODBC] В указанном DSN архитектура драйвера и архитектура приложения не соответствуют друг другу.

04.05.2025 18:12:03.147 || 
FAILED: SQLConnect()
Error code IM014 with message [Microsoft][Диспетчер драйверов ODBC] В указанном DSN архитектура драйвера и архитектура приложения не соответствуют друг другу.

04.05.2025 18:12:03.180 || Error code IM014 with message [Microsoft][Диспетчер драйверов ODBC] В указанном DSN архитектура драйвера и архитектура приложения не соответствуют друг другу.

04.05.2025 18:12:03.212 || 
FAILED: SQLConnect()
Error code IM014 with message [Microsoft][Диспетчер драйверов ODBC] В указанном DSN архитектура драйвера и архитектура приложения не соответствуют друг другу.

04.05.2025 18:12:03.246 || Error code IM014 with message [Microsoft][Диспетчер драйверов ODBC] В указанном DSN архитектура драйвера и архитектура приложения не соответствуют друг другу.

04.05.2025 18:12:03.278 || 
FAILED: SQLConnect()
Error code IM014 with message [Microsoft][Диспетчер драйверов ODBC] В указанном DSN архитектура драйвера и архитектура приложения не соответствуют друг другу.

04.05.2025 18:12:03.318 || Error code IM014 with message [Microsoft][Диспетчер драйверов ODBC] В указанном DSN архитектура драйвера и архитектура приложения не соответствуют друг другу.

04.05.2025 18:12:03.352 || 
FAILED: SQLConnect()
Error code IM014 with message [Microsoft][Диспетчер драйверов ODBC] В указанном DSN архитектура драйвера и архитектура приложения не соответствуют друг другу.

04.05.2025 18:12:03.386 || Error code IM014 with message [Microsoft][Диспетчер драйверов ODBC] В указанном DSN архитектура драйвера и архитектура приложения не соответствуют друг другу.

04.05.2025 18:12:03.418 || 
FAILED: SQLConnect()
Error code IM014 with message [Microsoft][Диспетчер драйверов ODBC] В указанном DSN архитектура драйвера и архитектура приложения не соответствуют друг другу.

04.05.2025 18:12:03.452 || Error code IM014 with message [Microsoft][Диспетчер драйверов ODBC] В указанном DSN архитектура драйвера и архитектура приложения не соответствуют друг другу.

04.05.2025 18:12:03.490 || 
FAILED: SQLConnect()
Error code IM014 with message [Microsoft][Диспетчер драйверов ODBC] В указанном DSN архитектура драйвера и архитектура приложения не соответствуют друг другу.

04.05.2025 18:12:03.502 || Error code IM014 with message [Microsoft][Диспетчер драйверов ODBC] В указанном DSN архитектура драйвера и архитектура приложения не соответствуют друг другу.

04.05.2025 18:12:03.513 || 
FAILED: SQLConnect()
Error code IM014 with message [Microsoft][Диспетчер драйверов ODBC] В указанном DSN архитектура драйвера и архитектура приложения не соответствуют друг другу.

04.05.2025 18:12:03.525 || Error code IM014 with message [Microsoft][Диспетчер драйверов ODBC] В указанном DSN архитектура драйвера и архитектура приложения не соответствуют друг другу.

04.05.2025 18:12:03.535 || 
FAILED: SQLConnect()
Error code IM014 with message [Microsoft][Диспетчер драйверов ODBC] В указанном DSN архитектура драйвера и архитектура приложения не соответствуют друг другу.

04.05.2025 18:12:03.543 || Error code IM014 with message [Microsoft][Диспетчер драйверов ODBC] В указанном DSN архитектура драйвера и архитектура приложения не соответствуют друг другу.

04.05.2025 18:12:03.550 || 
FAILED: SQLConnect()
Error code IM014 with message [Microsoft][Диспетчер драйверов ODBC] В указанном DSN архитектура драйвера и архитектура приложения не соответствуют друг другу.

04.05.2025 18:12:03.559 || Error code IM014 with message [Microsoft][Диспетчер драйверов ODBC] В указанном DSN архитектура драйвера и архитектура приложения не соответствуют друг другу.

04.05.2025 18:12:03.566 || 
FAILED: SQLConnect()
Error code IM014 with message [Microsoft][Диспетчер драйверов ODBC] В указанном DSN архитектура драйвера и архитектура приложения не соответствуют друг другу.

04.05.2025 18:12:03.574 || Error code IM014 with message [Microsoft][Диспетчер драйверов ODBC] В указанном DSN архитектура драйвера и архитектура приложения не соответствуют друг другу.

04.05.2025 18:12:03.581 || 
FAILED: SQLConnect()
Error code IM014 with message [Microsoft][Диспетчер драйверов ODBC] В указанном DSN архитектура драйвера и архитектура приложения не соответствуют друг другу.

04.05.2025 18:12:03.590 || Error code IM014 with message [Microsoft][Диспетчер драйверов ODBC] В указанном DSN архитектура драйвера и архитектура приложения не соответствуют друг другу.

04.05.2025 18:12:03.598 || 
FAILED: SQLConnect()
Error code IM014 with message [Microsoft][Диспетчер драйверов ODBC] В указанном DSN архитектура драйвера и архитектура приложения не соответствуют друг другу.

04.05.2025 18:12:03.607 || Error code IM014 with message [Microsoft][Диспетчер драйверов ODBC] В указанном DSN архитектура драйвера и архитектура приложения не соответствуют друг другу.

04.05.2025 18:12:03.613 || 
FAILED: SQLConnect()
Error code IM014 with message [Microsoft][Диспетчер драйверов ODBC] В указанном DSN архитектура драйвера и архитектура приложения не соответствуют друг другу.

04.05.2025 18:12:03.622 || Error code IM014 with message [Microsoft][Диспетчер драйверов ODBC] В указанном DSN архитектура драйвера и архитектура приложения не соответствуют друг другу.

04.05.2025 18:12:03.629 || 
FAILED: SQLConnect()
Error code IM014 with message [Microsoft][Диспетчер драйверов ODBC] В указанном DSN архитектура драйвера и архитектура приложения не соответствуют друг другу.

04.05.2025 18:12:03.637 || Error code IM014 with message [Microsoft][Диспетчер драйверов ODBC] В указанном DSN архитектура драйвера и архитектура приложения не соответствуют друг другу.

04.05.2025 18:12:03.643 || 
FAILED: SQLConnect()
Error code IM014 with message [Microsoft][Диспетчер драйверов ODBC] В указанном DSN архитектура драйвера и архитектура приложения не соответствуют друг другу.

04.05.2025 18:12:03.651 || Error code IM014 with message [Microsoft][Диспетчер драйверов ODBC] В указанном DSN архитектура драйвера и архитектура приложения не соответствуют друг другу.

04.05.2025 18:12:03.655 || 
FAILED: SQLConnect()
Error code IM014 with message [Microsoft][Диспетчер драйверов ODBC] В указанном DSN архитектура драйвера и архитектура приложения не соответствуют друг другу.

04.05.2025 18:12:03.663 || Error code IM014 with message [Microsoft][Диспетчер драйверов ODBC] В указанном DSN архитектура драйвера и архитектура приложения не соответствуют друг другу.

04.05.2025 18:12:03.668 || 
FAILED: SQLConnect()
Error code IM014 with message [Microsoft][Диспетчер драйверов ODBC] В указанном DSN архитектура драйвера и архитектура приложения не соответствуют друг другу.

04.05.2025 18:12:03.675 || Error code IM014 with message [Microsoft][Диспетчер драйверов ODBC] В указанном DSN архитектура драйвера и архитектура приложения не соответствуют друг другу.

04.05.2025 18:12:03.680 || 
FAILED: SQLConnect()
Error code IM014 with message [Microsoft][Диспетчер драйверов ODBC] В указанном DSN архитектура драйвера и архитектура приложения не соответствуют друг другу.

04.05.2025 18:12:03.687 || Error code IM014 with message [Microsoft][Диспетчер драйверов ODBC] В указанном DSN архитектура драйвера и архитектура приложения не соответствуют друг другу.

04.05.2025 18:12:03.692 || 
FAILED: SQLConnect()
Error code IM014 with message [Microsoft][Диспетчер драйверов ODBC] В указанном DSN архитектура драйвера и архитектура приложения не соответствуют друг другу.

04.05.2025 18:12:03.700 || Error code IM014 with message [Microsoft][Диспетчер драйверов ODBC] В указанном DSN архитектура драйвера и архитектура приложения не соответствуют друг другу.

04.05.2025 18:12:03.706 || 
FAILED: SQLConnect()
Error code IM014 with message [Microsoft][Диспетчер драйверов ODBC] В указанном DSN архитектура драйвера и архитектура приложения не соответствуют друг другу.

04.05.2025 18:12:03.713 || Error code IM014 with message [Microsoft][Диспетчер драйверов ODBC] В указанном DSN архитектура драйвера и архитектура приложения не соответствуют друг другу.

04.05.2025 18:12:03.719 || 
FAILED: SQLConnect()
Error code IM014 with message [Microsoft][Диспетчер драйверов ODBC] В указанном DSN архитектура драйвера и архитектура приложения не соответствуют друг другу.

04.05.2025 18:12:03.725 || Error code IM014 with message [Microsoft][Диспетчер драйверов ODBC] В указанном DSN архитектура драйвера и архитектура приложения не соответствуют друг другу.

04.05.2025 18:12:03.730 || 
FAILED: SQLConnect()
Error code IM014 with message [Microsoft][Диспетчер драйверов ODBC] В указанном DSN архитектура драйвера и архитектура приложения не соответствуют друг другу.

04.05.2025 18:12:03.737 || Error code IM014 with message [Microsoft][Диспетчер драйверов ODBC] В указанном DSN архитектура драйвера и архитектура приложения не соответствуют друг другу.

04.05.2025 18:12:03.742 || 
FAILED: SQLConnect()
Error code IM014 with message [Microsoft][Диспетчер драйверов ODBC] В указанном DSN архитектура драйвера и архитектура приложения не соответствуют друг другу.

04.05.2025 18:12:03.749 || Error code IM014 with message [Microsoft][Диспетчер драйверов ODBC] В указанном DSN архитектура драйвера и архитектура приложения не соответствуют друг другу.

04.05.2025 18:12:03.754 || 
FAILED: SQLConnect()
Error code IM014 with message [Microsoft][Диспетчер драйверов ODBC] В указанном DSN архитектура драйвера и архитектура приложения не соответствуют друг другу.

04.05.2025 18:12:03.762 || Error code IM014 with message [Microsoft][Диспетчер драйверов ODBC] В указанном DSN архитектура драйвера и архитектура приложения не соответствуют друг другу.

04.05.2025 18:12:03.768 || 
FAILED: SQLConnect()
Error code IM014 with message [Microsoft][Диспетчер драйверов ODBC] В указанном DSN архитектура драйвера и архитектура приложения не соответствуют друг другу.

04.05.2025 18:12:03.780 || Error code IM014 with message [Microsoft][Диспетчер драйверов ODBC] В указанном DSN архитектура драйвера и архитектура приложения не соответствуют друг другу.

04.05.2025 18:12:03.788 || 
FAILED: SQLConnect()
Error code IM014 with message [Microsoft][Диспетчер драйверов ODBC] В указанном DSN архитектура драйвера и архитектура приложения не соответствуют друг другу.

04.05.2025 18:12:03.796 || Error code IM014 with message [Microsoft][Диспетчер драйверов ODBC] В указанном DSN архитектура драйвера и архитектура приложения не соответствуют друг другу.

04.05.2025 18:12:03.804 || 
FAILED: SQLConnect()
Error code IM014 with message [Microsoft][Диспетчер драйверов ODBC] В указанном DSN архитектура драйвера и архитектура приложения не соответствуют друг другу.

04.05.2025 18:12:03.814 || Error code IM014 with message [Microsoft][Диспетчер драйверов ODBC] В указанном DSN архитектура драйвера и архитектура приложения не соответствуют друг другу.

04.05.2025 18:12:03.824 || 
FAILED: SQLConnect()
Error code IM014 with message [Microsoft][Диспетчер драйверов ODBC] В указанном DSN архитектура драйвера и архитектура приложения не соответствуют друг другу.

04.05.2025 18:12:03.835 || Error code IM014 with message [Microsoft][Диспетчер драйверов ODBC] В указанном DSN архитектура драйвера и архитектура приложения не соответствуют друг другу.

04.05.2025 18:12:03.843 || 
FAILED: SQLConnect()
Error code IM014 with message [Microsoft][Диспетчер драйверов ODBC] В указанном DSN архитектура драйвера и архитектура приложения не соответствуют друг другу.

04.05.2025 18:12:03.854 || Error code IM014 with message [Microsoft][Диспетчер драйверов ODBC] В указанном DSN архитектура драйвера и архитектура приложения не соответствуют друг другу.

04.05.2025 18:12:03.862 || 
FAILED: SQLConnect()
Error code IM014 with message [Microsoft][Диспетчер драйверов ODBC] В указанном DSN архитектура драйвера и архитектура приложения не соответствуют друг другу.

04.05.2025 18:12:03.870 || Error code IM014 with message [Microsoft][Диспетчер драйверов ODBC] В указанном DSN архитектура драйвера и архитектура приложения не соответствуют друг другу.

04.05.2025 18:12:03.877 || 
FAILED: SQLConnect()
Error code IM014 with message [Microsoft][Диспетчер драйверов ODBC] В указанном DSN архитектура драйвера и архитектура приложения не соответствуют друг другу.

04.05.2025 18:12:03.885 || Error code IM014 with message [Microsoft][Диспетчер драйверов ODBC] В указанном DSN архитектура драйвера и архитектура приложения не соответствуют друг другу.

04.05.2025 18:12:03.891 || 
FAILED: SQLConnect()
Error code IM014 with message [Microsoft][Диспетчер драйверов ODBC] В указанном DSN архитектура драйвера и архитектура приложения не соответствуют друг другу.

04.05.2025 18:12:03.900 || Error code IM014 with message [Microsoft][Диспетчер драйверов ODBC] В указанном DSN архитектура драйвера и архитектура приложения не соответствуют друг другу.

04.05.2025 18:12:03.907 || 
FAILED: SQLConnect()
Error code IM014 with message [Microsoft][Диспетчер драйверов ODBC] В указанном DSN архитектура драйвера и архитектура приложения не соответствуют друг другу.

04.05.2025 18:12:03.916 || Error code IM014 with message [Microsoft][Диспетчер драйверов ODBC] В указанном DSN архитектура драйвера и архитектура приложения не соответствуют друг другу.

04.05.2025 18:12:03.924 || 
FAILED: SQLConnect()
Error code IM014 with message [Microsoft][Диспетчер драйверов ODBC] В указанном DSN архитектура драйвера и архитектура приложения не соответствуют друг другу.

04.05.2025 18:12:03.934 || Error code IM014 with message [Microsoft][Диспетчер драйверов ODBC] В указанном DSN архитектура драйвера и архитектура приложения не соответствуют друг другу.

04.05.2025 18:12:03.943 || 
FAILED: SQLConnect()
Error code IM014 with message [Microsoft][Диспетчер драйверов ODBC] В указанном DSN архитектура драйвера и архитектура приложения не соответствуют друг другу.

04.05.2025 18:12:03.951 || Error code IM014 with message [Microsoft][Диспетчер драйверов ODBC] В указанном DSN архитектура драйвера и архитектура приложения не соответствуют друг другу.

04.05.2025 18:12:03.957 || 
FAILED: SQLConnect()
Error code IM014 with message [Microsoft][Диспетчер драйверов ODBC] В указанном DSN архитектура драйвера и архитектура приложения не соответствуют друг другу.

04.05.2025 18:12:03.966 || Error code IM014 with message [Microsoft][Диспетчер драйверов ODBC] В указанном DSN архитектура драйвера и архитектура приложения не соответствуют друг другу.

04.05.2025 18:12:04.020 || 
FAILED: SQLConnect()
Error code IM014 with message [Microsoft][Диспетчер драйверов ODBC] В указанном DSN архитектура драйвера и архитектура приложения не соответствуют друг другу.

04.05.2025 18:12:04.030 || Error code IM014 with message [Microsoft][Диспетчер драйверов ODBC] В указанном DSN архитектура драйвера и архитектура приложения не соответствуют друг другу.

04.05.2025 18:12:04.038 || 
FAILED: SQLConnect()
Error code IM014 with message [Microsoft][Диспетчер драйверов ODBC] В указанном DSN архитектура драйвера и архитектура приложения не соответствуют друг другу.

04.05.2025 18:12:04.049 || Error code IM014 with message [Microsoft][Диспетчер драйверов ODBC] В указанном DSN архитектура драйвера и архитектура приложения не соответствуют друг другу.

04.05.2025 18:12:04.056 || 
FAILED: SQLConnect()
Error code IM014 with message [Microsoft][Диспетчер драйверов ODBC] В указанном DSN архитектура драйвера и архитектура приложения не соответствуют друг другу.

04.05.2025 18:12:04.066 || Error code IM014 with message [Microsoft][Диспетчер драйверов ODBC] В указанном DSN архитектура драйвера и архитектура приложения не соответствуют друг другу.

04.05.2025 18:12:04.073 || 
FAILED: SQLConnect()
Error code IM014 with message [Microsoft][Диспетчер драйверов ODBC] В указанном DSN архитектура драйвера и архитектура приложения не соответствуют друг другу.

04.05.2025 18:12:04.081 || Error code IM014 with message [Microsoft][Диспетчер драйверов ODBC] В указанном DSN архитектура драйвера и архитектура приложения не соответствуют друг другу.

04.05.2025 18:12:04.087 || 
FAILED: SQLConnect()
Error code IM014 with message [Microsoft][Диспетчер драйверов ODBC] В указанном DSN архитектура драйвера и архитектура приложения не соответствуют друг другу.

04.05.2025 18:12:04.096 || Error code IM014 with message [Microsoft][Диспетчер драйверов ODBC] В указанном DSN архитектура драйвера и архитектура приложения не соответствуют друг другу.

04.05.2025 18:12:04.103 || 
FAILED: SQLConnect()
Error code IM014 with message [Microsoft][Диспетчер драйверов ODBC] В указанном DSN архитектура драйвера и архитектура приложения не соответствуют друг другу.

04.05.2025 18:12:04.111 || Error code IM014 with message [Microsoft][Диспетчер драйверов ODBC] В указанном DSN архитектура драйвера и архитектура приложения не соответствуют друг другу.

04.05.2025 18:12:04.120 || 
FAILED: SQLConnect()
Error code IM014 with message [Microsoft][Диспетчер драйверов ODBC] В указанном DSN архитектура драйвера и архитектура приложения не соответствуют друг другу.

04.05.2025 18:12:04.129 || Error code IM014 with message [Microsoft][Диспетчер драйверов ODBC] В указанном DSN архитектура драйвера и архитектура приложения не соответствуют друг другу.

04.05.2025 18:12:04.136 || 
FAILED: SQLConnect()
Error code IM014 with message [Microsoft][Диспетчер драйверов ODBC] В указанном DSN архитектура драйвера и архитектура приложения не соответствуют друг другу.

04.05.2025 18:12:04.146 || Error code IM014 with message [Microsoft][Диспетчер драйверов ODBC] В указанном DSN архитектура драйвера и архитектура приложения не соответствуют друг другу.

04.05.2025 18:12:04.153 || 
FAILED: SQLConnect()
Error code IM014 with message [Microsoft][Диспетчер драйверов ODBC] В указанном DSN архитектура драйвера и архитектура приложения не соответствуют друг другу.

04.05.2025 18:12:04.163 || Error code IM014 with message [Microsoft][Диспетчер драйверов ODBC] В указанном DSN архитектура драйвера и архитектура приложения не соответствуют друг другу.

04.05.2025 18:12:04.171 || 
FAILED: SQLConnect()
Error code IM014 with message [Microsoft][Диспетчер драйверов ODBC] В указанном DSN архитектура драйвера и архитектура приложения не соответствуют друг другу.

04.05.2025 18:12:04.179 || Error code IM014 with message [Microsoft][Диспетчер драйверов ODBC] В указанном DSN архитектура драйвера и архитектура приложения не соответствуют друг другу.

04.05.2025 18:12:04.185 || 
FAILED: SQLConnect()
Error code IM014 with message [Microsoft][Диспетчер драйверов ODBC] В указанном DSN архитектура драйвера и архитектура приложения не соответствуют друг другу.

04.05.2025 18:12:04.193 || Error code IM014 with message [Microsoft][Диспетчер драйверов ODBC] В указанном DSN архитектура драйвера и архитектура приложения не соответствуют друг другу.

04.05.2025 18:12:04.199 || 
FAILED: SQLConnect()
Error code IM014 with message [Microsoft][Диспетчер драйверов ODBC] В указанном DSN архитектура драйвера и архитектура приложения не соответствуют друг другу.

04.05.2025 18:12:04.207 || Error code IM014 with message [Microsoft][Диспетчер драйверов ODBC] В указанном DSN архитектура драйвера и архитектура приложения не соответствуют друг другу.

04.05.2025 18:12:04.214 || 
FAILED: SQLConnect()
Error code IM014 with message [Microsoft][Диспетчер драйверов ODBC] В указанном DSN архитектура драйвера и архитектура приложения не соответствуют друг другу.

04.05.2025 18:12:04.222 || Error code IM014 with message [Microsoft][Диспетчер драйверов ODBC] В указанном DSN архитектура драйвера и архитектура приложения не соответствуют друг другу.

04.05.2025 18:12:04.230 || 
FAILED: SQLConnect()
Error code IM014 with message [Microsoft][Диспетчер драйверов ODBC] В указанном DSN архитектура драйвера и архитектура приложения не соответствуют друг другу.

04.05.2025 18:12:04.238 || Error code IM014 with message [Microsoft][Диспетчер драйверов ODBC] В указанном DSN архитектура драйвера и архитектура приложения не соответствуют друг другу.

04.05.2025 18:12:04.244 || 
FAILED: SQLConnect()
Error code IM014 with message [Microsoft][Диспетчер драйверов ODBC] В указанном DSN архитектура драйвера и архитектура приложения не соответствуют друг другу.

04.05.2025 18:12:04.253 || Error code IM014 with message [Microsoft][Диспетчер драйверов ODBC] В указанном DSN архитектура драйвера и архитектура приложения не соответствуют друг другу.

04.05.2025 18:12:04.265 || 
FAILED: SQLConnect()
Error code IM014 with message [Microsoft][Диспетчер драйверов ODBC] В указанном DSN архитектура драйвера и архитектура приложения не соответствуют друг другу.

04.05.2025 18:12:04.275 || Error code IM014 with message [Microsoft][Диспетчер драйверов ODBC] В указанном DSN архитектура драйвера и архитектура приложения не соответствуют друг другу.

04.05.2025 18:12:04.281 || 
FAILED: SQLConnect()
Error code IM014 with message [Microsoft][Диспетчер драйверов ODBC] В указанном DSN архитектура драйвера и архитектура приложения не соответствуют друг другу.

04.05.2025 18:12:04.290 || Error code IM014 with message [Microsoft][Диспетчер драйверов ODBC] В указанном DSN архитектура драйвера и архитектура приложения не соответствуют друг другу.

04.05.2025 18:12:04.298 || 
FAILED: SQLConnect()
Error code IM014 with message [Microsoft][Диспетчер драйверов ODBC] В указанном DSN архитектура драйвера и архитектура приложения не соответствуют друг другу.

04.05.2025 18:12:04.308 || Error code IM014 with message [Microsoft][Диспетчер драйверов ODBC] В указанном DSN архитектура драйвера и архитектура приложения не соответствуют друг другу.

04.05.2025 18:12:04.316 || 
FAILED: SQLConnect()
Error code IM014 with message [Microsoft][Диспетчер драйверов ODBC] В указанном DSN архитектура драйвера и архитектура приложения не соответствуют друг другу.

04.05.2025 18:12:04.325 || Error code IM014 with message [Microsoft][Диспетчер драйверов ODBC] В указанном DSN архитектура драйвера и архитектура приложения не соответствуют друг другу.

04.05.2025 18:12:04.333 || 
FAILED: SQLConnect()
Error code IM014 with message [Microsoft][Диспетчер драйверов ODBC] В указанном DSN архитектура драйвера и архитектура приложения не соответствуют друг другу.

04.05.2025 18:12:04.344 || Error code IM014 with message [Microsoft][Диспетчер драйверов ODBC] В указанном DSN архитектура драйвера и архитектура приложения не соответствуют друг другу.

04.05.2025 18:12:04.350 || 
FAILED: SQLConnect()
Error code IM014 with message [Microsoft][Диспетчер драйверов ODBC] В указанном DSN архитектура драйвера и архитектура приложения не соответствуют друг другу.

04.05.2025 18:12:04.358 || Error code IM014 with message [Microsoft][Диспетчер драйверов ODBC] В указанном DSN архитектура драйвера и архитектура приложения не соответствуют друг другу.

04.05.2025 18:12:04.365 || 
FAILED: SQLConnect()
Error code IM014 with message [Microsoft][Диспетчер драйверов ODBC] В указанном DSN архитектура драйвера и архитектура приложения не соответствуют друг другу.

04.05.2025 18:12:04.373 || Error code IM014 with message [Microsoft][Диспетчер драйверов ODBC] В указанном DSN архитектура драйвера и архитектура приложения не соответствуют друг другу.

04.05.2025 18:12:04.379 || 
FAILED: SQLConnect()
Error code IM014 with message [Microsoft][Диспетчер драйверов ODBC] В указанном DSN архитектура драйвера и архитектура приложения не соответствуют друг другу.

04.05.2025 18:12:04.389 || Error code IM014 with message [Microsoft][Диспетчер драйверов ODBC] В указанном DSN архитектура драйвера и архитектура приложения не соответствуют друг другу.

04.05.2025 18:12:04.395 || 
FAILED: SQLConnect()
Error code IM014 with message [Microsoft][Диспетчер драйверов ODBC] В указанном DSN архитектура драйвера и архитектура приложения не соответствуют друг другу.

04.05.2025 18:12:04.404 || Error code IM014 with message [Microsoft][Диспетчер драйверов ODBC] В указанном DSN архитектура драйвера и архитектура приложения не соответствуют друг другу.

04.05.2025 18:12:04.410 || 
FAILED: SQLConnect()
Error code IM014 with message [Microsoft][Диспетчер драйверов ODBC] В указанном DSN архитектура драйвера и архитектура приложения не соответствуют друг другу.

04.05.2025 18:12:04.419 || Error code IM014 with message [Microsoft][Диспетчер драйверов ODBC] В указанном DSN архитектура драйвера и архитектура приложения не соответствуют друг другу.

04.05.2025 18:12:04.425 || 
FAILED: SQLConnect()
Error code IM014 with message [Microsoft][Диспетчер драйверов ODBC] В указанном DSN архитектура драйвера и архитектура приложения не соответствуют друг другу.

04.05.2025 18:12:04.434 || Error code IM014 with message [Microsoft][Диспетчер драйверов ODBC] В указанном DSN архитектура драйвера и архитектура приложения не соответствуют друг другу.

04.05.2025 18:12:04.441 || 
FAILED: SQLConnect()
Error code IM014 with message [Microsoft][Диспетчер драйверов ODBC] В указанном DSN архитектура драйвера и архитектура приложения не соответствуют друг другу.

04.05.2025 18:12:04.450 || Error code IM014 with message [Microsoft][Диспетчер драйверов ODBC] В указанном DSN архитектура драйвера и архитектура приложения не соответствуют друг другу.

04.05.2025 18:12:04.456 || 
FAILED: SQLConnect()
Error code IM014 with message [Microsoft][Диспетчер драйверов ODBC] В указанном DSN архитектура драйвера и архитектура приложения не соответствуют друг другу.

04.05.2025 18:12:04.464 || Error code IM014 with message [Microsoft][Диспетчер драйверов ODBC] В указанном DSN архитектура драйвера и архитектура приложения не соответствуют друг другу.

04.05.2025 18:12:04.470 || 
FAILED: SQLConnect()
Error code IM014 with message [Microsoft][Диспетчер драйверов ODBC] В указанном DSN архитектура драйвера и архитектура приложения не соответствуют друг другу.

04.05.2025 18:12:04.479 || Error code IM014 with message [Microsoft][Диспетчер драйверов ODBC] В указанном DSN архитектура драйвера и архитектура приложения не соответствуют друг другу.

04.05.2025 18:12:04.486 || 
FAILED: SQLConnect()
Error code IM014 with message [Microsoft][Диспетчер драйверов ODBC] В указанном DSN архитектура драйвера и архитектура приложения не соответствуют друг другу.

04.05.2025 18:12:04.495 || Error code IM014 with message [Microsoft][Диспетчер драйверов ODBC] В указанном DSN архитектура драйвера и архитектура приложения не соответствуют друг другу.

04.05.2025 18:12:04.503 || 
FAILED: SQLConnect()
Error code IM014 with message [Microsoft][Диспетчер драйверов ODBC] В указанном DSN архитектура драйвера и архитектура приложения не соответствуют друг другу.

04.05.2025 18:12:04.511 || Error code IM014 with message [Microsoft][Диспетчер драйверов ODBC] В указанном DSN архитектура драйвера и архитектура приложения не соответствуют друг другу.

04.05.2025 18:12:04.519 || 
FAILED: SQLConnect()
Error code IM014 with message [Microsoft][Диспетчер драйверов ODBC] В указанном DSN архитектура драйвера и архитектура приложения не соответствуют друг другу.

04.05.2025 18:12:04.530 || Error code IM014 with message [Microsoft][Диспетчер драйверов ODBC] В указанном DSN архитектура драйвера и архитектура приложения не соответствуют друг другу.

04.05.2025 18:12:04.550 || 
FAILED: SQLConnect()
Error code IM014 with message [Microsoft][Диспетчер драйверов ODBC] В указанном DSN архитектура драйвера и архитектура приложения не соответствуют друг другу.

04.05.2025 18:12:04.560 || Error code IM014 with message [Microsoft][Диспетчер драйверов ODBC] В указанном DSN архитектура драйвера и архитектура приложения не соответствуют друг другу.

04.05.2025 18:12:04.568 || 
FAILED: SQLConnect()
Error code IM014 with message [Microsoft][Диспетчер драйверов ODBC] В указанном DSN архитектура драйвера и архитектура приложения не соответствуют друг другу.

04.05.2025 18:12:04.588 || Error code IM014 with message [Microsoft][Диспетчер драйверов ODBC] В указанном DSN архитектура драйвера и архитектура приложения не соответствуют друг другу.

04.05.2025 18:12:04.596 || 
FAILED: SQLConnect()
Error code IM014 with message [Microsoft][Диспетчер драйверов ODBC] В указанном DSN архитектура драйвера и архитектура приложения не соответствуют друг другу.

04.05.2025 18:12:04.615 || Error code IM014 with message [Microsoft][Диспетчер драйверов ODBC] В указанном DSN архитектура драйвера и архитектура приложения не соответствуют друг другу.

04.05.2025 18:12:04.623 || 
FAILED: SQLConnect()
Error code IM014 with message [Microsoft][Диспетчер драйверов ODBC] В указанном DSN архитектура драйвера и архитектура приложения не соответствуют друг другу.

04.05.2025 18:12:04.639 || Error code IM014 with message [Microsoft][Диспетчер драйверов ODBC] В указанном DSN архитектура драйвера и архитектура приложения не соответствуют друг другу.

04.05.2025 18:12:04.648 || 
FAILED: SQLConnect()
Error code IM014 with message [Microsoft][Диспетчер драйверов ODBC] В указанном DSN архитектура драйвера и архитектура приложения не соответствуют друг другу.

04.05.2025 18:12:04.658 || Error code IM014 with message [Microsoft][Диспетчер драйверов ODBC] В указанном DSN архитектура драйвера и архитектура приложения не соответствуют друг другу.

04.05.2025 18:12:04.674 || 
FAILED: SQLConnect()
Error code IM014 with message [Microsoft][Диспетчер драйверов ODBC] В указанном DSN архитектура драйвера и архитектура приложения не соответствуют друг другу.

04.05.2025 18:12:04.684 || Error code IM014 with message [Microsoft][Диспетчер драйверов ODBC] В указанном DSN архитектура драйвера и архитектура приложения не соответствуют друг другу.

04.05.2025 18:12:04.701 || 
FAILED: SQLConnect()
Error code IM014 with message [Microsoft][Диспетчер драйверов ODBC] В указанном DSN архитектура драйвера и архитектура приложения не соответствуют друг другу.

04.05.2025 18:12:04.720 || Error code IM014 with message [Microsoft][Диспетчер драйверов ODBC] В указанном DSN архитектура драйвера и архитектура приложения не соответствуют друг другу.

04.05.2025 18:12:04.735 || 
FAILED: SQLConnect()
Error code IM014 with message [Microsoft][Диспетчер драйверов ODBC] В указанном DSN архитектура драйвера и архитектура приложения не соответствуют друг другу.

04.05.2025 18:12:04.754 || Error code IM014 with message [Microsoft][Диспетчер драйверов ODBC] В указанном DSN архитектура драйвера и архитектура приложения не соответствуют друг другу.

04.05.2025 18:12:04.764 || 
FAILED: SQLConnect()
Error code IM014 with message [Microsoft][Диспетчер драйверов ODBC] В указанном DSN архитектура драйвера и архитектура приложения не соответствуют друг другу.

04.05.2025 18:12:04.777 || Error code IM014 with message [Microsoft][Диспетчер драйверов ODBC] В указанном DSN архитектура драйвера и архитектура приложения не соответствуют друг другу.

04.05.2025 18:12:04.789 || 
FAILED: SQLConnect()
Error code IM014 with message [Microsoft][Диспетчер драйверов ODBC] В указанном DSN архитектура драйвера и архитектура приложения не соответствуют друг другу.

04.05.2025 18:12:04.802 || Error code IM014 with message [Microsoft][Диспетчер драйверов ODBC] В указанном DSN архитектура драйвера и архитектура приложения не соответствуют друг другу.

04.05.2025 18:12:04.818 || 
FAILED: SQLConnect()
Error code IM014 with message [Microsoft][Диспетчер драйверов ODBC] В указанном DSN архитектура драйвера и архитектура приложения не соответствуют друг другу.

04.05.2025 18:12:04.829 || Error code IM014 with message [Microsoft][Диспетчер драйверов ODBC] В указанном DSN архитектура драйвера и архитектура приложения не соответствуют друг другу.

04.05.2025 18:12:04.845 || 
FAILED: SQLConnect()
Error code IM014 with message [Microsoft][Диспетчер драйверов ODBC] В указанном DSN архитектура драйвера и архитектура приложения не соответствуют друг другу.

04.05.2025 18:12:04.863 || Error code IM014 with message [Microsoft][Диспетчер драйверов ODBC] В указанном DSN архитектура драйвера и архитектура приложения не соответствуют друг другу.

04.05.2025 18:12:04.879 || 
FAILED: SQLConnect()
Error code IM014 with message [Microsoft][Диспетчер драйверов ODBC] В указанном DSN архитектура драйвера и архитектура приложения не соответствуют друг другу.

04.05.2025 18:12:04.897 || Error code IM014 with message [Microsoft][Диспетчер драйверов ODBC] В указанном DSN архитектура драйвера и архитектура приложения не соответствуют друг другу.

04.05.2025 18:12:04.912 || 
FAILED: SQLConnect()
Error code IM014 with message [Microsoft][Диспетчер драйверов ODBC] В указанном DSN архитектура драйвера и архитектура приложения не соответствуют друг другу.

04.05.2025 18:12:04.929 || Error code IM014 with message [Microsoft][Диспетчер драйверов ODBC] В указанном DSN архитектура драйвера и архитектура приложения не соответствуют друг другу.

04.05.2025 18:12:04.945 || 
FAILED: SQLConnect()
Error code IM014 with message [Microsoft][Диспетчер драйверов ODBC] В указанном DSN архитектура драйвера и архитектура приложения не соответствуют друг другу.

04.05.2025 18:12:04.962 || Error code IM014 with message [Microsoft][Диспетчер драйверов ODBC] В указанном DSN архитектура драйвера и архитектура приложения не соответствуют друг другу.

04.05.2025 18:12:04.977 || 
FAILED: SQLConnect()
Error code IM014 with message [Microsoft][Диспетчер драйверов ODBC] В указанном DSN архитектура драйвера и архитектура приложения не соответствуют друг другу.

04.05.2025 18:12:04.994 || Error code IM014 with message [Microsoft][Диспетчер драйверов ODBC] В указанном DSN архитектура драйвера и архитектура приложения не соответствуют друг другу.

04.05.2025 18:12:05.009 || 
FAILED: SQLConnect()
Error code IM014 with message [Microsoft][Диспетчер драйверов ODBC] В указанном DSN архитектура драйвера и архитектура приложения не соответствуют друг другу.

04.05.2025 18:12:05.027 || Error code IM014 with message [Microsoft][Диспетчер драйверов ODBC] В указанном DSN архитектура драйвера и архитектура приложения не соответствуют друг другу.

04.05.2025 18:12:05.042 || 
FAILED: SQLConnect()
Error code IM014 with message [Microsoft][Диспетчер драйверов ODBC] В указанном DSN архитектура драйвера и архитектура приложения не соответствуют друг другу.

04.05.2025 18:12:05.060 || Error code IM014 with message [Microsoft][Диспетчер драйверов ODBC] В указанном DSN архитектура драйвера и архитектура приложения не соответствуют друг другу.

04.05.2025 18:12:05.075 || 
FAILED: SQLConnect()
Error code IM014 with message [Microsoft][Диспетчер драйверов ODBC] В указанном DSN архитектура драйвера и архитектура приложения не соответствуют друг другу.

04.05.2025 18:12:05.091 || Error code IM014 with message [Microsoft][Диспетчер драйверов ODBC] В указанном DSN архитектура драйвера и архитектура приложения не соответствуют друг другу.

04.05.2025 18:12:05.107 || 
FAILED: SQLConnect()
Error code IM014 with message [Microsoft][Диспетчер драйверов ODBC] В указанном DSN архитектура драйвера и архитектура приложения не соответствуют друг другу.

04.05.2025 18:12:05.124 || Error code IM014 with message [Microsoft][Диспетчер драйверов ODBC] В указанном DSN архитектура драйвера и архитектура приложения не соответствуют друг другу.

04.05.2025 18:12:05.141 || 
FAILED: SQLConnect()
Error code IM014 with message [Microsoft][Диспетчер драйверов ODBC] В указанном DSN архитектура драйвера и архитектура приложения не соответствуют друг другу.

04.05.2025 18:12:05.158 || Error code IM014 with message [Microsoft][Диспетчер драйверов ODBC] В указанном DSN архитектура драйвера и архитектура приложения не соответствуют друг другу.

04.05.2025 18:12:05.174 || 
FAILED: SQLConnect()
Error code IM014 with message [Microsoft][Диспетчер драйверов ODBC] В указанном DSN архитектура драйвера и архитектура приложения не соответствуют друг другу.

04.05.2025 18:12:05.191 || Error code IM014 with message [Microsoft][Диспетчер драйверов ODBC] В указанном DSN архитектура драйвера и архитектура приложения не соответствуют друг другу.

04.05.2025 18:12:05.207 || 
FAILED: SQLConnect()
Error code IM014 with message [Microsoft][Диспетчер драйверов ODBC] В указанном DSN архитектура драйвера и архитектура приложения не соответствуют друг другу.

04.05.2025 18:12:05.224 || Error code IM014 with message [Microsoft][Диспетчер драйверов ODBC] В указанном DSN архитектура драйвера и архитектура приложения не соответствуют друг другу.

04.05.2025 18:12:05.238 || 
FAILED: SQLConnect()
Error code IM014 with message [Microsoft][Диспетчер драйверов ODBC] В указанном DSN архитектура драйвера и архитектура приложения не соответствуют друг другу.

04.05.2025 18:12:05.255 || Error code IM014 with message [Microsoft][Диспетчер драйверов ODBC] В указанном DSN архитектура драйвера и архитектура приложения не соответствуют друг другу.

04.05.2025 18:12:05.270 || 
FAILED: SQLConnect()
Error code IM014 with message [Microsoft][Диспетчер драйверов ODBC] В указанном DSN архитектура драйвера и архитектура приложения не соответствуют друг другу.

04.05.2025 18:12:05.287 || Error code IM014 with message [Microsoft][Диспетчер драйверов ODBC] В указанном DSN архитектура драйвера и архитектура приложения не соответствуют друг другу.

04.05.2025 18:12:05.304 || 
FAILED: SQLConnect()
Error code IM014 with message [Microsoft][Диспетчер драйверов ODBC] В указанном DSN архитектура драйвера и архитектура приложения не соответствуют друг другу.

04.05.2025 18:12:05.323 || Error code IM014 with message [Microsoft][Диспетчер драйверов ODBC] В указанном DSN архитектура драйвера и архитектура приложения не соответствуют друг другу.

04.05.2025 18:12:05.344 || 
FAILED: SQLConnect()
Error code IM014 with message [Microsoft][Диспетчер драйверов ODBC] В указанном DSN архитектура драйвера и архитектура приложения не соответствуют друг другу.

04.05.2025 18:12:05.382 || Error code IM014 with message [Microsoft][Диспетчер драйверов ODBC] В указанном DSN архитектура драйвера и архитектура приложения не соответствуют друг другу.

04.05.2025 18:12:05.417 || 
FAILED: SQLConnect()
Error code IM014 with message [Microsoft][Диспетчер драйверов ODBC] В указанном DSN архитектура драйвера и архитектура приложения не соответствуют друг другу.

04.05.2025 18:12:05.453 || Error code IM014 with message [Microsoft][Диспетчер драйверов ODBC] В указанном DSN архитектура драйвера и архитектура приложения не соответствуют друг другу.

04.05.2025 18:12:05.488 || 
FAILED: SQLConnect()
Error code IM014 with message [Microsoft][Диспетчер драйверов ODBC] В указанном DSN архитектура драйвера и архитектура приложения не соответствуют друг другу.

04.05.2025 18:12:05.524 || Error code IM014 with message [Microsoft][Диспетчер драйверов ODBC] В указанном DSN архитектура драйвера и архитектура приложения не соответствуют друг другу.

04.05.2025 18:12:05.558 || 
FAILED: SQLConnect()
Error code IM014 with message [Microsoft][Диспетчер драйверов ODBC] В указанном DSN архитектура драйвера и архитектура приложения не соответствуют друг другу.

